CREATE EXTENSION IF NOT EXISTS pg_z;
-- deflate function tests
SELECT deflate(NULL) AS deflate_null;
 deflate_null 
--------------
 
(1 row)

SELECT deflate('') AS deflate_blank;
 deflate_blank 
---------------
 \x
(1 row)

SELECT deflate('\x00'::bytea) AS deflate_zero;
 deflate_zero 
--------------
 \x630000
(1 row)

SELECT deflate('The quick brown fox jumps over the lazy dog') AS deflate_default;
                                      deflate_default                                       
--------------------------------------------------------------------------------------------
 \x0bc94855282ccd4cce56482aca2fcf5348cbaf50c82acd2d2856c82f4b2d5228014ae72456552aa4e4a70300
(1 row)

SELECT deflate('The quick brown fox jumps over the lazy dog'::bytea) AS deflate_default;
                                      deflate_default                                       
--------------------------------------------------------------------------------------------
 \x0bc94855282ccd4cce56482aca2fcf5348cbaf50c82acd2d2856c82f4b2d5228014ae72456552aa4e4a70300
(1 row)

SELECT deflate('The quick brown fox jumps over the lazy dog'::text) AS deflate_default;
                                      deflate_default                                       
--------------------------------------------------------------------------------------------
 \x0bc94855282ccd4cce56482aca2fcf5348cbaf50c82acd2d2856c82f4b2d5228014ae72456552aa4e4a70300
(1 row)

SELECT deflate('The quick brown fox jumps over the lazy dog'::bytea, 8) AS deflate_8;
                                         deflate_8                                          
--------------------------------------------------------------------------------------------
 \x0bc94855282ccd4cce56482aca2fcf5348cbaf50c82acd2d2856c82f4b2d5228014ae72456552aa4e4a70300
(1 row)

WITH str AS (
    SELECT repeat('The quick brown fox jumps over the lazy dog', 10000) AS str
)
SELECT convert_from(inflate(deflate(str)), 'utf8') = str AS inflate_long FROM str;
 inflate_long 
--------------
 t
(1 row)

WITH strs AS (
    SELECT repeat('The quick brown fox jumps over the lazy dog', generate_series(1, 1000)) AS str
)
SELECT sum((str = convert_from(inflate(deflate(str)), 'utf8'))::integer) AS inflate_strings
FROM strs;
 inflate_strings 
-----------------
            1000
(1 row)

-- incorrect compression_level (out of range -1..9) should cause error
SELECT deflate('The quick brown fox jumps over the lazy dog'::bytea, -2) AS deflate_err_1;
ERROR:  invalid compression level (outside of -1..9): -2
SELECT deflate('The quick brown fox jumps over the lazy dog'::bytea, 10) AS deflate_err_2;
ERROR:  invalid compression level (outside of -1..9): 10
-- inflate function tests
SELECT convert_from(inflate(deflate('The quick brown fox jumps over the lazy dog')), 'utf8') AS inflate_ok;
                 inflate_ok                  
---------------------------------------------
 The quick brown fox jumps over the lazy dog
(1 row)

SELECT inflate(''::bytea) AS inflate_blank;
 inflate_blank 
---------------
 \x
(1 row)

SELECT inflate('\x00'::bytea) AS inflate_8;
ERROR:  error during decompression: -5
SELECT inflate('\x0000'::bytea) AS inflate_16;
ERROR:  error during decompression: -5
SELECT inflate('fubar'::bytea) AS inflate_16;
ERROR:  error during decompression: -3
SELECT inflate(deflate('\x00000000000000000000'::bytea)) AS deflate_roundtrip_zero;
 deflate_roundtrip_zero 
------------------------
 \x00000000000000000000
(1 row)

-- error propagation
SELECT inflate(deflate('The quick brown fox jumps over the lazy dog'::bytea, -2)) AS inflate_err_1;
ERROR:  invalid compression level (outside of -1..9): -2
SELECT inflate(deflate('The quick brown fox jumps over the lazy dog'::bytea, 10)) AS inflate_err_2;
ERROR:  invalid compression level (outside of -1..9): 10
-- check limit set by DB parameter
SHOW pg_z.max_size;
 pg_z.max_size 
---------------
 256MB
(1 row)

SET pg_z.max_size = 1000;
SELECT inflate(deflate(repeat('?', 1100)::bytea)) AS deflate_overlimit;
ERROR:  input data is limited by pg_z.max_size (1000 bytes)
RESET pg_z.max_size;
DROP EXTENSION pg_z;
